<?xml version="1.0" encoding="UTF-8"?>
<testng-results total="2" passed="2" failed="0" skipped="0">
  <reporter-output>
  </reporter-output>
  <suite started-at="2022-03-15T11:43:23Z" name="Default suite" finished-at="2022-03-15T11:43:35Z" duration-ms="11443">
    <groups>
    </groups>
    <test started-at="2022-03-15T11:43:23Z" name="Default test" finished-at="2022-03-15T11:43:35Z" duration-ms="11443">
      <class name="RestTesting.Ecommerce">
        <test-method signature="signup()[pri:0, instance:RestTesting.Ecommerce@732d0d24]" started-at="2022-03-15T17:13:23Z" name="signup" finished-at="2022-03-15T17:13:31Z" duration-ms="7583" status="PASS">
          <reporter-output>
          </reporter-output>
        </test-method> <!-- signup -->
        <test-method signature="Login()[pri:1, instance:RestTesting.Ecommerce@732d0d24]" started-at="2022-03-15T17:13:31Z" name="Login" finished-at="2022-03-15T17:13:35Z" duration-ms="3849" status="PASS">
          <reporter-output>
          </reporter-output>
        </test-method> <!-- Login -->
      </class> <!-- RestTesting.Ecommerce -->
    </test> <!-- Default test -->
  </suite> <!-- Default suite -->
</testng-results>
